2026-06-26T06:17:02.804066Z 0 [System] [MY-015017] [Server] MySQL Server Initialization - start.
2026-06-26T06:17:02.807572Z 0 [System] [MY-013169] [Server] C:\Program Files\MySQL\MySQL Server 8.4\bin\mysqld.exe (mysqld 8.4.9) initializing of server in progress as process 24572
2026-06-26T06:17:02.825093Z 1 [System] [MY-013576] [InnoDB] InnoDB initialization has started.
2026-06-26T06:17:03.089989Z 1 [System] [MY-013577] [InnoDB] InnoDB initialization has ended.
2026-06-26T06:17:04.216415Z 6 [Warning] [MY-010453] [Server] root@localhost is created with an empty password ! Please consider switching off the --initialize-insecure option.
2026-06-26T06:17:05.600516Z 0 [System] [MY-015018] [Server] MySQL Server Initialization - end.
2026-06-26T06:17:05.680432Z 0 [System] [MY-015015] [Server] MySQL Server - start.
2026-06-26T06:17:05.823416Z 0 [System] [MY-010116] [Server] C:\Program Files\MySQL\MySQL Server 8.4\bin\mysqld.exe (mysqld 8.4.9) starting as process 4980
2026-06-26T06:17:05.839941Z 1 [System] [MY-013576] [InnoDB] InnoDB initialization has started.
2026-06-26T06:17:05.916382Z 1 [ERROR] [MY-013039] [InnoDB] Can't create UNDO tablespace innodb_undo_001  since '.\undo_001' already exists.
2026-06-26T06:17:05.916784Z 1 [ERROR] [MY-012930] [InnoDB] Plugin initialization aborted with error Generic error.
2026-06-26T06:17:05.988883Z 1 [ERROR] [MY-010334] [Server] Failed to initialize DD Storage Engine
2026-06-26T06:17:05.989735Z 0 [ERROR] [MY-010020] [Server] Data Dictionary initialization failed.
2026-06-26T06:17:05.990016Z 0 [ERROR] [MY-010119] [Server] Aborting
2026-06-26T06:17:05.991254Z 0 [System] [MY-010910] [Server] C:\Program Files\MySQL\MySQL Server 8.4\bin\mysqld.exe: Shutdown complete (mysqld 8.4.9)  MySQL Community Server - GPL.
2026-06-26T06:17:05.991741Z 0 [System] [MY-015016] [Server] MySQL Server - end.
2026-06-26T06:17:33.026978Z 0 [System] [MY-015015] [Server] MySQL Server - start.
2026-06-26T06:17:33.110138Z 0 [System] [MY-010116] [Server] C:\Program Files\MySQL\MySQL Server 8.4\bin\mysqld.exe (mysqld 8.4.9) starting as process 5868
2026-06-26T06:17:33.134830Z 1 [System] [MY-013576] [InnoDB] InnoDB initialization has started.
2026-06-26T06:17:33.326858Z 1 [System] [MY-013577] [InnoDB] InnoDB initialization has ended.
2026-06-26T06:17:33.892530Z 0 [Warning] [MY-010068] [Server] CA certificate ca.pem is self signed.
2026-06-26T06:17:33.892814Z 0 [System] [MY-013602] [Server] Channel mysql_main configured to support TLS. Encrypted connections are now supported for this channel.
2026-06-26T06:17:33.914189Z 0 [System] [MY-011323] [Server] X Plugin ready for connections. Bind-address: '::' port: 33060
2026-06-26T06:17:33.914268Z 0 [System] [MY-010931] [Server] C:\Program Files\MySQL\MySQL Server 8.4\bin\mysqld.exe: ready for connections. Version: '8.4.9'  socket: ''  port: 3307  MySQL Community Server - GPL.
2026-06-26T06:18:49.918485Z 24 [Warning] [MY-013360] [Server] Plugin sha256_password reported: ''sha256_password' is deprecated and will be removed in a future release. Please use caching_sha2_password instead'
